  [1m[35m (97.5ms)[0m  [1m[35mCREATE DATABASE "cats_development" ENCODING = 'unicode'[0m
  [1m[35m (102.0ms)[0m  [1m[35mCREATE DATABASE "cats_test" ENCODING = 'unicode'[0m
  [1m[35m (8.6ms)[0m  [1m[35mCREATE TABLE "schema_migrations" ("version" character varying NOT NULL PRIMARY KEY)[0m
  [1m[35m (8.2ms)[0m  [1m[35mCREATE TABLE "ar_internal_metadata" ("key" character varying NOT NULL PRIMARY KEY, "value" character varying, "created_at" timestamp(6) NOT NULL, "updated_at" timestamp(6) NOT NULL)[0m
  [1m[35m (0.2ms)[0m  [1m[34mSELECT pg_try_advisory_lock(782232805093510260)[0m
  [1m[36mActiveRecord::SchemaMigration Pluck (0.7ms)[0m  [1m[34mSELECT "schema_migrations"."version" FROM "schema_migrations" ORDER BY "schema_migrations"."version" ASC[0m
Migrating to CreateCats (20230310221609)
  [1m[36mTRANSACTION (0.3ms)[0m  [1m[35mBEGIN[0m
  [1m[35m (8.8ms)[0m  [1m[35mCREATE TABLE "cats" ("id" bigserial primary key, "birth_date" date NOT NULL, "color" character varying NOT NULL, "name" character varying NOT NULL, "sex" character varying(1) NOT NULL, "description" text, "created_at" timestamp(6) NOT NULL, "updated_at" timestamp(6) NOT NULL)[0m
  [1m[36mActiveRecord::SchemaMigration Create (0.4ms)[0m  [1m[32mINSERT INTO "schema_migrations" ("version") VALUES ($1) RETURNING "version"[0m  [["version", "20230310221609"]]
  [1m[36mTRANSACTION (1.4ms)[0m  [1m[35mCOMMIT[0m
  [1m[36mActiveRecord::InternalMetadata Load (0.5ms)[0m  [1m[34mSELECT "ar_internal_metadata".* FROM "ar_internal_metadata" WHERE "ar_internal_metadata"."key" = $1 LIMIT $2[0m  [["key", "environment"], ["LIMIT", 1]]
  [1m[36mTRANSACTION (0.2ms)[0m  [1m[35mBEGIN[0m
  [1m[36mActiveRecord::InternalMetadata Create (0.4ms)[0m  [1m[32mINSERT INTO "ar_internal_metadata" ("key", "value", "created_at", "updated_at") VALUES ($1, $2, $3, $4) RETURNING "key"[0m  [["key", "environment"], ["value", "development"], ["created_at", "2023-03-10 22:20:46.173843"], ["updated_at", "2023-03-10 22:20:46.173843"]]
  [1m[36mTRANSACTION (0.9ms)[0m  [1m[35mCOMMIT[0m
  [1m[35m (0.3ms)[0m  [1m[34mSELECT pg_advisory_unlock(782232805093510260)[0m
  [1m[36mActiveRecord::SchemaMigration Pluck (0.5ms)[0m  [1m[34mSELECT "schema_migrations"."version" FROM "schema_migrations" ORDER BY "schema_migrations"."version" ASC[0m
  [1m[36mActiveRecord::SchemaMigration Pluck (0.7ms)[0m  [1m[34mSELECT "schema_migrations"."version" FROM "schema_migrations" ORDER BY "schema_migrations"."version" ASC[0m
  [1m[36mTRANSACTION (0.3ms)[0m  [1m[35mBEGIN[0m
  [1m[36mCat Create (0.7ms)[0m  [1m[32mINSERT INTO "cats" ("birth_date", "color", "name", "sex", "description", "created_at", "updated_at") VALUES ($1, $2, $3, $4, $5, $6, $7) RETURNING "id"[0m  [["birth_date", "2022-01-01"], ["color", "Black"], ["name", "kitty"], ["sex", "m"], ["description", nil], ["created_at", "2023-03-10 22:38:45.061911"], ["updated_at", "2023-03-10 22:38:45.061911"]]
  [1m[36mTRANSACTION (1.3ms)[0m  [1m[35mCOMMIT[0m
  [1m[36mCat Load (0.3ms)[0m  [1m[34mSELECT "cats".* FROM "cats" ORDER BY "cats"."id" ASC LIMIT $1[0m  [["LIMIT", 1]]
  [1m[36mCat Load (0.2ms)[0m  [1m[34mSELECT "cats".* FROM "cats" ORDER BY "cats"."id" ASC LIMIT $1[0m  [["LIMIT", 1]]
  [1m[36mCat Load (0.5ms)[0m  [1m[34mSELECT "cats".* FROM "cats" ORDER BY "cats"."id" ASC LIMIT $1[0m  [["LIMIT", 1]]
  [1m[36mCat Load (0.4ms)[0m  [1m[34mSELECT "cats".* FROM "cats" ORDER BY "cats"."id" ASC LIMIT $1[0m  [["LIMIT", 1]]
Started DELETE "/cats" for ::1 at 2023-03-10 15:08:17 -0800

ActiveRecord::NoDatabaseError - We could not find your database: cats_development. Which can be found in the database configuration file located at config/database.yml.
To resolve this issue:
- Did you create the database for this app, or delete it? You may need to create your database.
- Has the database name changed? Check your database.yml config has the correct database name.
To create your database, run:
        bin/rails db:create:

Started GET "/cats" for ::1 at 2023-03-10 15:08:28 -0800

ActiveRecord::NoDatabaseError - We could not find your database: cats_development. Which can be found in the database configuration file located at config/database.yml.
To resolve this issue:
- Did you create the database for this app, or delete it? You may need to create your database.
- Has the database name changed? Check your database.yml config has the correct database name.
To create your database, run:
        bin/rails db:create:

  [1m[35m (179.9ms)[0m  [1m[35mCREATE DATABASE "cats_development" ENCODING = 'unicode'[0m
  [1m[35m (155.7ms)[0m  [1m[35mCREATE DATABASE "cats_test" ENCODING = 'unicode'[0m
  [1m[35m (1.5ms)[0m  [1m[35mCREATE DATABASE "cats_development" ENCODING = 'unicode'[0m
  [1m[35m (0.5ms)[0m  [1m[35mCREATE DATABASE "cats_test" ENCODING = 'unicode'[0m
  [1m[35mSQL (0.3ms)[0m  [1m[35mCREATE EXTENSION IF NOT EXISTS "plpgsql"[0m
  [1m[35m (0.2ms)[0m  [1m[35mDROP TABLE IF EXISTS "cats" CASCADE[0m
  [1m[35m (6.3ms)[0m  [1m[35mCREATE TABLE "cats" ("id" bigserial primary key, "birth_date" date NOT NULL, "color" character varying NOT NULL, "name" character varying NOT NULL, "sex" character varying(1) NOT NULL, "description" text, "created_at" timestamp(6) NOT NULL, "updated_at" timestamp(6) NOT NULL)[0m
  [1m[35m (2.2ms)[0m  [1m[35mCREATE TABLE "schema_migrations" ("version" character varying NOT NULL PRIMARY KEY)[0m
  [1m[36mActiveRecord::SchemaMigration Pluck (0.4ms)[0m  [1m[34mSELECT "schema_migrations"."version" FROM "schema_migrations" ORDER BY "schema_migrations"."version" ASC[0m
  [1m[35m (0.5ms)[0m  [1m[32mINSERT INTO "schema_migrations" (version) VALUES (20230310221609)[0m
  [1m[35m (2.2ms)[0m  [1m[35mCREATE TABLE "ar_internal_metadata" ("key" character varying NOT NULL PRIMARY KEY, "value" character varying, "created_at" timestamp(6) NOT NULL, "updated_at" timestamp(6) NOT NULL)[0m
  [1m[36mActiveRecord::InternalMetadata Load (0.3ms)[0m  [1m[34mSELECT "ar_internal_metadata".* FROM "ar_internal_metadata" WHERE "ar_internal_metadata"."key" = $1 LIMIT $2[0m  [["key", "environment"], ["LIMIT", 1]]
  [1m[36mTRANSACTION (0.1ms)[0m  [1m[35mBEGIN[0m
  [1m[36mActiveRecord::InternalMetadata Create (0.5ms)[0m  [1m[32mINSERT INTO "ar_internal_metadata" ("key", "value", "created_at", "updated_at") VALUES ($1, $2, $3, $4) RETURNING "key"[0m  [["key", "environment"], ["value", "development"], ["created_at", "2023-03-10 23:13:19.103457"], ["updated_at", "2023-03-10 23:13:19.103457"]]
  [1m[36mTRANSACTION (0.3ms)[0m  [1m[35mCOMMIT[0m
  [1m[36mActiveRecord::InternalMetadata Load (0.2ms)[0m  [1m[34mSELECT "ar_internal_metadata".* FROM "ar_internal_metadata" WHERE "ar_internal_metadata"."key" = $1 LIMIT $2[0m  [["key", "environment"], ["LIMIT", 1]]
  [1m[36mActiveRecord::InternalMetadata Load (0.2ms)[0m  [1m[34mSELECT "ar_internal_metadata".* FROM "ar_internal_metadata" WHERE "ar_internal_metadata"."key" = $1 LIMIT $2[0m  [["key", "schema_sha1"], ["LIMIT", 1]]
  [1m[36mTRANSACTION (0.1ms)[0m  [1m[35mBEGIN[0m
  [1m[36mActiveRecord::InternalMetadata Create (0.2ms)[0m  [1m[32mINSERT INTO "ar_internal_metadata" ("key", "value", "created_at", "updated_at") VALUES ($1, $2, $3, $4) RETURNING "key"[0m  [["key", "schema_sha1"], ["value", "6dcde00b2e64e72e5e5c86244807860e0362c14c"], ["created_at", "2023-03-10 23:13:19.113252"], ["updated_at", "2023-03-10 23:13:19.113252"]]
  [1m[36mTRANSACTION (0.3ms)[0m  [1m[35mCOMMIT[0m
  [1m[35mSQL (0.2ms)[0m  [1m[35mCREATE EXTENSION IF NOT EXISTS "plpgsql"[0m
  [1m[35m (0.2ms)[0m  [1m[35mDROP TABLE IF EXISTS "cats" CASCADE[0m
  [1m[35m (5.8ms)[0m  [1m[35mCREATE TABLE "cats" ("id" bigserial primary key, "birth_date" date NOT NULL, "color" character varying NOT NULL, "name" character varying NOT NULL, "sex" character varying(1) NOT NULL, "description" text, "created_at" timestamp(6) NOT NULL, "updated_at" timestamp(6) NOT NULL)[0m
  [1m[35m (2.1ms)[0m  [1m[35mCREATE TABLE "schema_migrations" ("version" character varying NOT NULL PRIMARY KEY)[0m
  [1m[36mActiveRecord::SchemaMigration Pluck (0.5ms)[0m  [1m[34mSELECT "schema_migrations"."version" FROM "schema_migrations" ORDER BY "schema_migrations"."version" ASC[0m
  [1m[35m (0.5ms)[0m  [1m[32mINSERT INTO "schema_migrations" (version) VALUES (20230310221609)[0m
  [1m[35m (1.7ms)[0m  [1m[35mCREATE TABLE "ar_internal_metadata" ("key" character varying NOT NULL PRIMARY KEY, "value" character varying, "created_at" timestamp(6) NOT NULL, "updated_at" timestamp(6) NOT NULL)[0m
  [1m[36mActiveRecord::InternalMetadata Load (0.2ms)[0m  [1m[34mSELECT "ar_internal_metadata".* FROM "ar_internal_metadata" WHERE "ar_internal_metadata"."key" = $1 LIMIT $2[0m  [["key", "environment"], ["LIMIT", 1]]
  [1m[36mTRANSACTION (0.1ms)[0m  [1m[35mBEGIN[0m
  [1m[36mActiveRecord::InternalMetadata Create (0.3ms)[0m  [1m[32mINSERT INTO "ar_internal_metadata" ("key", "value", "created_at", "updated_at") VALUES ($1, $2, $3, $4) RETURNING "key"[0m  [["key", "environment"], ["value", "development"], ["created_at", "2023-03-10 23:13:19.161666"], ["updated_at", "2023-03-10 23:13:19.161666"]]
  [1m[36mTRANSACTION (0.2ms)[0m  [1m[35mCOMMIT[0m
  [1m[36mActiveRecord::InternalMetadata Load (0.2ms)[0m  [1m[34mSELECT "ar_internal_metadata".* FROM "ar_internal_metadata" WHERE "ar_internal_metadata"."key" = $1 LIMIT $2[0m  [["key", "environment"], ["LIMIT", 1]]
  [1m[36mTRANSACTION (0.1ms)[0m  [1m[35mBEGIN[0m
  [1m[36mActiveRecord::InternalMetadata Update (0.3ms)[0m  [1m[33mUPDATE "ar_internal_metadata" SET "value" = $1, "updated_at" = $2 WHERE "ar_internal_metadata"."key" = $3[0m  [["value", "test"], ["updated_at", "2023-03-10 23:13:19.166836"], ["key", "environment"]]
  [1m[36mTRANSACTION (0.2ms)[0m  [1m[35mCOMMIT[0m
  [1m[36mActiveRecord::InternalMetadata Load (0.1ms)[0m  [1m[34mSELECT "ar_internal_metadata".* FROM "ar_internal_metadata" WHERE "ar_internal_metadata"."key" = $1 LIMIT $2[0m  [["key", "schema_sha1"], ["LIMIT", 1]]
  [1m[36mTRANSACTION (0.1ms)[0m  [1m[35mBEGIN[0m
  [1m[36mActiveRecord::InternalMetadata Create (0.2ms)[0m  [1m[32mINSERT INTO "ar_internal_metadata" ("key", "value", "created_at", "updated_at") VALUES ($1, $2, $3, $4) RETURNING "key"[0m  [["key", "schema_sha1"], ["value", "6dcde00b2e64e72e5e5c86244807860e0362c14c"], ["created_at", "2023-03-10 23:13:19.171564"], ["updated_at", "2023-03-10 23:13:19.171564"]]
  [1m[36mTRANSACTION (0.2ms)[0m  [1m[35mCOMMIT[0m
  [1m[36mActiveRecord::SchemaMigration Pluck (1.0ms)[0m  [1m[34mSELECT "schema_migrations"."version" FROM "schema_migrations" ORDER BY "schema_migrations"."version" ASC[0m
  [1m[36mActiveRecord::SchemaMigration Pluck (0.6ms)[0m  [1m[34mSELECT "schema_migrations"."version" FROM "schema_migrations" ORDER BY "schema_migrations"."version" ASC[0m
  [1m[36mTRANSACTION (0.2ms)[0m  [1m[35mBEGIN[0m
  [1m[36mCat Create (2.2ms)[0m  [1m[32mINSERT INTO "cats" ("birth_date", "color", "name", "sex", "description", "created_at", "updated_at") VALUES ($1, $2, $3, $4, $5, $6, $7) RETURNING "id"[0m  [["birth_date", "2022-01-01"], ["color", "Black"], ["name", "kitty"], ["sex", "m"], ["description", nil], ["created_at", "2023-03-10 23:14:32.134696"], ["updated_at", "2023-03-10 23:14:32.134696"]]
  [1m[36mTRANSACTION (0.6ms)[0m  [1m[35mCOMMIT[0m
Started GET "/cats" for ::1 at 2023-03-10 15:14:40 -0800
  [1m[36mActiveRecord::SchemaMigration Pluck (0.6ms)[0m  [1m[34mSELECT "schema_migrations"."version" FROM "schema_migrations" ORDER BY "schema_migrations"."version" ASC[0m

SyntaxError - syntax error, unexpected ':', expecting `end'
        render: index
              ^
/Users/andrewgalicia/Desktop/AA/Classwork/W6D5V3/cats/app/controllers/cats_controller.rb:18: syntax error, unexpected ':', expecting `end'
        render: show
              ^
/Users/andrewgalicia/Desktop/AA/Classwork/W6D5V3/cats/app/controllers/cats_controller.rb:28: syntax error, unexpected end-of-input, expecting `end':
  app/controllers/cats_controller.rb:4:in `'

Started GET "/cats" for ::1 at 2023-03-10 15:15:20 -0800

SyntaxError - syntax error, unexpected end-of-input, expecting `end':
  app/controllers/cats_controller.rb:28:in `'

Started GET "/cats" for ::1 at 2023-03-10 15:15:36 -0800
Processing by CatsController#index as */*
  Rendering layout layouts/application.html.erb
  Rendering cats/index.html.erb within layouts/application
  Rendered cats/index.html.erb within layouts/application (Duration: 1.8ms | Allocations: 328)
  Rendered layout layouts/application.html.erb (Duration: 34.7ms | Allocations: 6875)
Completed 200 OK in 49ms (Views: 46.6ms | ActiveRecord: 0.0ms | Allocations: 10204)


Started GET "/cats" for ::1 at 2023-03-10 15:16:45 -0800
Processing by CatsController#index as */*
  Rendering layout layouts/application.html.erb
  Rendering cats/index.html.erb within layouts/application
  Rendered cats/index.html.erb within layouts/application (Duration: 0.4ms | Allocations: 130)
  Rendered layout layouts/application.html.erb (Duration: 5.1ms | Allocations: 1660)
Completed 200 OK in 8ms (Views: 7.6ms | ActiveRecord: 0.0ms | Allocations: 2462)


Started GET "/cats" for ::1 at 2023-03-10 15:18:32 -0800
Processing by CatsController#index as */*
  Rendering layout layouts/application.html.erb
  Rendering cats/index.html.erb within layouts/application
  Rendered cats/index.html.erb within layouts/application (Duration: 5.6ms | Allocations: 2354)
  Rendered layout layouts/application.html.erb (Duration: 5.9ms | Allocations: 2453)
Completed 500 Internal Server Error in 8ms (ActiveRecord: 0.0ms | Allocations: 3249)



ActionView::SyntaxErrorInTemplate - Encountered a syntax error while rendering template: check <li><% @all_cats.each do |cat| %>
<%= cat.name, cat.color, cat.sex %>
</li>:
  app/controllers/cats_controller.rb:4:in `index'

Started GET "/cats" for ::1 at 2023-03-10 15:19:11 -0800
Processing by CatsController#index as */*
  Rendering layout layouts/application.html.erb
  Rendering cats/index.html.erb within layouts/application
  Rendered cats/index.html.erb within layouts/application (Duration: 20.5ms | Allocations: 1591)
  Rendered layout layouts/application.html.erb (Duration: 31.4ms | Allocations: 1680)
Completed 500 Internal Server Error in 48ms (ActiveRecord: 0.0ms | Allocations: 2451)



ActionView::SyntaxErrorInTemplate - Encountered a syntax error while rendering template: check <li>
<% @all_cats.each do |cat| %>
<%= cat.name, cat.color, cat.sex %>
<%end %>
</li>:
  app/controllers/cats_controller.rb:4:in `index'

Started GET "/cats" for ::1 at 2023-03-10 15:20:16 -0800
Processing by CatsController#index as */*
  Rendering layout layouts/application.html.erb
  Rendering cats/index.html.erb within layouts/application
  Rendered cats/index.html.erb within layouts/application (Duration: 0.8ms | Allocations: 1599)
  Rendered layout layouts/application.html.erb (Duration: 1.2ms | Allocations: 1688)
Completed 500 Internal Server Error in 3ms (ActiveRecord: 0.0ms | Allocations: 2457)



ActionView::SyntaxErrorInTemplate - Encountered a syntax error while rendering template: check 
<% @all_cats.each do |cat| %>
<li><%= cat.name, cat.color, cat.sex %></li>
<%end %>:
  app/controllers/cats_controller.rb:4:in `index'

Started GET "/cats" for ::1 at 2023-03-10 15:23:09 -0800
Processing by CatsController#index as */*
  Rendering layout layouts/application.html.erb
  Rendering cats/index.html.erb within layouts/application
  [1m[36mCat Load (0.8ms)[0m  [1m[34mSELECT "cats".* FROM "cats"[0m
  ↳ app/views/cats/index.html.erb:3
  Rendered cats/index.html.erb within layouts/application (Duration: 39.1ms | Allocations: 9436)
  Rendered layout layouts/application.html.erb (Duration: 42.6ms | Allocations: 11001)
Completed 200 OK in 45ms (Views: 44.9ms | ActiveRecord: 15.6ms | Allocations: 11794)


Started GET "/cats" for ::1 at 2023-03-10 15:23:45 -0800
Processing by CatsController#index as */*
  Rendering layout layouts/application.html.erb
  Rendering cats/index.html.erb within layouts/application
  Rendered cats/index.html.erb within layouts/application (Duration: 1.0ms | Allocations: 1589)
  Rendered layout layouts/application.html.erb (Duration: 1.7ms | Allocations: 1679)
Completed 500 Internal Server Error in 4ms (ActiveRecord: 0.0ms | Allocations: 2451)



ActionView::SyntaxErrorInTemplate - Encountered a syntax error while rendering template: check 
<% @all_cats.each do |cat| %>
<%= cat.name, cat.color, cat.sex %>
<%end %>:
  app/controllers/cats_controller.rb:4:in `index'

Started GET "/cats" for ::1 at 2023-03-10 15:24:22 -0800
Processing by CatsController#index as */*
  Rendering layout layouts/application.html.erb
  Rendering cats/index.html.erb within layouts/application
  [1m[36mCat Load (0.4ms)[0m  [1m[34mSELECT "cats".* FROM "cats"[0m
  ↳ app/views/cats/index.html.erb:3
  Rendered cats/index.html.erb within layouts/application (Duration: 2.4ms | Allocations: 825)
  Rendered layout layouts/application.html.erb (Duration: 7.3ms | Allocations: 2321)
Completed 200 OK in 9ms (Views: 8.9ms | ActiveRecord: 0.4ms | Allocations: 3103)


Started GET "/" for ::1 at 2023-03-10 15:24:55 -0800
Processing by CatsController#index as HTML
  Rendering layout layouts/application.html.erb
  Rendering cats/index.html.erb within layouts/application
  [1m[36mCat Load (0.2ms)[0m  [1m[34mSELECT "cats".* FROM "cats"[0m
  ↳ app/views/cats/index.html.erb:3
  Rendered cats/index.html.erb within layouts/application (Duration: 1.9ms | Allocations: 823)
  Rendered layout layouts/application.html.erb (Duration: 4.9ms | Allocations: 2235)
Completed 200 OK in 7ms (Views: 6.6ms | ActiveRecord: 0.2ms | Allocations: 2937)


Started GET "/" for ::1 at 2023-03-10 15:24:59 -0800
Processing by CatsController#index as HTML
  Rendering layout layouts/application.html.erb
  Rendering cats/index.html.erb within layouts/application
  [1m[36mCat Load (0.2ms)[0m  [1m[34mSELECT "cats".* FROM "cats"[0m
  ↳ app/views/cats/index.html.erb:3
  Rendered cats/index.html.erb within layouts/application (Duration: 1.5ms | Allocations: 577)
  Rendered layout layouts/application.html.erb (Duration: 3.6ms | Allocations: 1705)
Completed 200 OK in 4ms (Views: 3.8ms | ActiveRecord: 0.2ms | Allocations: 1927)


Started GET "/" for ::1 at 2023-03-10 15:25:10 -0800
Processing by CatsController#index as HTML
  Rendering layout layouts/application.html.erb
  Rendering cats/index.html.erb within layouts/application
  [1m[36mCat Load (0.2ms)[0m  [1m[34mSELECT "cats".* FROM "cats"[0m
  ↳ app/views/cats/index.html.erb:3
  Rendered cats/index.html.erb within layouts/application (Duration: 1.8ms | Allocations: 835)
  Rendered layout layouts/application.html.erb (Duration: 5.0ms | Allocations: 2326)
Completed 200 OK in 7ms (Views: 6.5ms | ActiveRecord: 0.2ms | Allocations: 3004)


Started GET "/cats/1" for ::1 at 2023-03-10 15:25:35 -0800
Processing by CatsController#show as */*
  Parameters: {"id"=>"1"}
  [1m[36mCat Load (0.3ms)[0m  [1m[34mSELECT "cats".* FROM "cats" WHERE "cats"."id" = $1 LIMIT $2[0m  [["id", 1], ["LIMIT", 1]]
  ↳ app/controllers/cats_controller.rb:17:in `show'
  Rendering layout layouts/application.html.erb
  Rendering cats/show.html.erb within layouts/application
  Rendered cats/show.html.erb within layouts/application (Duration: 0.7ms | Allocations: 102)
  Rendered layout layouts/application.html.erb (Duration: 3.7ms | Allocations: 1392)
Completed 200 OK in 11ms (Views: 4.6ms | ActiveRecord: 0.5ms | Allocations: 5289)


Started GET "/cats/1" for ::1 at 2023-03-10 15:26:09 -0800
Processing by CatsController#show as */*
  Parameters: {"id"=>"1"}
  [1m[36mCat Load (0.3ms)[0m  [1m[34mSELECT "cats".* FROM "cats" WHERE "cats"."id" = $1 LIMIT $2[0m  [["id", 1], ["LIMIT", 1]]
  ↳ app/controllers/cats_controller.rb:17:in `show'
  Rendering layout layouts/application.html.erb
  Rendering cats/show.html.erb within layouts/application
  Rendered cats/show.html.erb within layouts/application (Duration: 0.4ms | Allocations: 159)
  Rendered layout layouts/application.html.erb (Duration: 3.4ms | Allocations: 1661)
Completed 200 OK in 7ms (Views: 5.3ms | ActiveRecord: 0.3ms | Allocations: 2934)


Started POST "/cats/" for ::1 at 2023-03-10 15:35:35 -0800
Processing by CatsController#create as */*
No template found for CatsController#create, rendering head :no_content
Completed 204 No Content in 1ms (Allocations: 337)


Started GET "/" for ::1 at 2023-03-10 15:35:55 -0800
Processing by CatsController#index as HTML
  Rendering layout layouts/application.html.erb
  Rendering cats/index.html.erb within layouts/application
  [1m[36mCat Load (0.5ms)[0m  [1m[34mSELECT "cats".* FROM "cats"[0m
  ↳ app/views/cats/index.html.erb:3
  Rendered cats/index.html.erb within layouts/application (Duration: 21.4ms | Allocations: 5729)
  Rendered layout layouts/application.html.erb (Duration: 25.4ms | Allocations: 7280)
Completed 200 OK in 29ms (Views: 27.3ms | ActiveRecord: 8.4ms | Allocations: 8910)


Started GET "/cats" for ::1 at 2023-03-10 15:36:06 -0800
Processing by CatsController#index as HTML
  Rendering layout layouts/application.html.erb
  Rendering cats/index.html.erb within layouts/application
  [1m[36mCat Load (0.4ms)[0m  [1m[34mSELECT "cats".* FROM "cats"[0m
  ↳ app/views/cats/index.html.erb:3
  Rendered cats/index.html.erb within layouts/application (Duration: 1.8ms | Allocations: 576)
  Rendered layout layouts/application.html.erb (Duration: 4.5ms | Allocations: 1702)
Completed 200 OK in 5ms (Views: 4.7ms | ActiveRecord: 0.4ms | Allocations: 1926)


Started GET "/cats/new" for ::1 at 2023-03-10 15:36:11 -0800
Processing by CatsController#new as HTML
  Rendering layout layouts/application.html.erb
  Rendering cats/new.html.erb within layouts/application
  Rendered cats/new.html.erb within layouts/application (Duration: 0.4ms | Allocations: 104)
  Rendered layout layouts/application.html.erb (Duration: 3.0ms | Allocations: 1225)
Completed 200 OK in 4ms (Views: 3.9ms | ActiveRecord: 0.0ms | Allocations: 1467)


Started POST "/cats/new" for ::1 at 2023-03-10 15:36:19 -0800
  
ActionController::RoutingError (No route matches [POST] "/cats/new"):
  
Started GET "/cats/new" for ::1 at 2023-03-10 15:36:41 -0800
Processing by CatsController#new as */*
  Rendering layout layouts/application.html.erb
  Rendering cats/new.html.erb within layouts/application
  Rendered cats/new.html.erb within layouts/application (Duration: 0.0ms | Allocations: 7)
  Rendered layout layouts/application.html.erb (Duration: 3.0ms | Allocations: 1232)
Completed 200 OK in 4ms (Views: 3.5ms | ActiveRecord: 0.0ms | Allocations: 1474)


Started GET "/" for ::1 at 2023-03-10 16:15:12 -0800
  [1m[36mActiveRecord::SchemaMigration Pluck (0.4ms)[0m  [1m[34mSELECT "schema_migrations"."version" FROM "schema_migrations" ORDER BY "schema_migrations"."version" ASC[0m
Processing by CatsController#index as HTML
  Rendering layout layouts/application.html.erb
  Rendering cats/index.html.erb within layouts/application
  [1m[36mCat Load (1.3ms)[0m  [1m[34mSELECT "cats".* FROM "cats"[0m
  ↳ app/views/cats/index.html.erb:3
  Rendered cats/index.html.erb within layouts/application (Duration: 76.1ms | Allocations: 6786)
  Rendered layout layouts/application.html.erb (Duration: 823.8ms | Allocations: 13695)
Completed 200 OK in 970ms (Views: 911.9ms | ActiveRecord: 8.6ms | Allocations: 16949)


Started GET "/cats/new" for ::1 at 2023-03-10 16:15:20 -0800
Processing by CatsController#new as */*
  Rendering layout layouts/application.html.erb
  Rendering cats/new.html.erb within layouts/application
  Rendered cats/new.html.erb within layouts/application (Duration: 5.0ms | Allocations: 121)
  Rendered layout layouts/application.html.erb (Duration: 62.5ms | Allocations: 1146)
Completed 200 OK in 70ms (Views: 70.0ms | ActiveRecord: 0.0ms | Allocations: 1537)


Started GET "/cats/new" for ::1 at 2023-03-10 16:17:37 -0800
Processing by CatsController#new as */*
  Rendering layout layouts/application.html.erb
  Rendering cats/new.html.erb within layouts/application
  Rendered cats/new.html.erb within layouts/application (Duration: 7.7ms | Allocations: 157)
  Rendered layout layouts/application.html.erb (Duration: 68.3ms | Allocations: 1676)
Completed 200 OK in 88ms (Views: 88.0ms | ActiveRecord: 0.0ms | Allocations: 2437)


Started GET "/cats/new" for ::1 at 2023-03-10 16:20:13 -0800
Processing by CatsController#new as */*
  Rendering layout layouts/application.html.erb
  Rendering cats/new.html.erb within layouts/application
  Rendered cats/new.html.erb within layouts/application (Duration: 4.3ms | Allocations: 165)
  Rendered layout layouts/application.html.erb (Duration: 72.9ms | Allocations: 1686)
Completed 200 OK in 96ms (Views: 95.7ms | ActiveRecord: 0.0ms | Allocations: 2468)


Started GET "/cats/new" for ::1 at 2023-03-10 16:20:56 -0800
Processing by CatsController#new as */*
  Rendering layout layouts/application.html.erb
  Rendering cats/new.html.erb within layouts/application
  Rendered cats/new.html.erb within layouts/application (Duration: 4.4ms | Allocations: 165)
  Rendered layout layouts/application.html.erb (Duration: 66.5ms | Allocations: 1683)
Completed 200 OK in 84ms (Views: 83.6ms | ActiveRecord: 0.0ms | Allocations: 2464)


Started GET "/cats/new" for ::1 at 2023-03-10 16:27:34 -0800
Processing by CatsController#new as */*
  Rendering layout layouts/application.html.erb
  Rendering cats/new.html.erb within layouts/application
  Rendered cats/new.html.erb within layouts/application (Duration: 4.7ms | Allocations: 176)
  Rendered layout layouts/application.html.erb (Duration: 58.7ms | Allocations: 1690)
Completed 200 OK in 76ms (Views: 75.5ms | Allocations: 2455)


Started GET "/cats/new" for ::1 at 2023-03-10 16:28:24 -0800
Processing by CatsController#new as */*
  Rendering layout layouts/application.html.erb
  Rendering cats/new.html.erb within layouts/application
  Rendered cats/new.html.erb within layouts/application (Duration: 4.7ms | Allocations: 176)
  Rendered layout layouts/application.html.erb (Duration: 73.9ms | Allocations: 1684)
Completed 200 OK in 93ms (Views: 92.5ms | Allocations: 2450)


Started GET "/cats/new" for ::1 at 2023-03-10 16:33:36 -0800
Processing by CatsController#new as */*
  Rendering layout layouts/application.html.erb
  Rendering cats/new.html.erb within layouts/application
  Rendered cats/new.html.erb within layouts/application (Duration: 22.0ms | Allocations: 4732)
  Rendered layout layouts/application.html.erb (Duration: 23.3ms | Allocations: 4829)
Completed 500 Internal Server Error in 45ms (Allocations: 5592)



NameError - uninitialized constant #<Class:0x00007f2519fdb160>::COLORS:
  app/views/cats/new.html.erb:17
  app/controllers/cats_controller.rb:11:in `new'

Started GET "/cats/new" for ::1 at 2023-03-10 16:35:25 -0800
Processing by CatsController#new as */*
Completed 500 Internal Server Error in 7ms (Allocations: 2431)



NameError - uninitialized constant CatsController::COLORS
        @colors = COLORS
                  ^^^^^^:
  app/controllers/cats_controller.rb:11:in `new'

Started GET "/cats/new" for ::1 at 2023-03-10 16:39:43 -0800
Processing by CatsController#new as */*
  Rendering layout layouts/application.html.erb
  Rendering cats/new.html.erb within layouts/application
  Rendered cats/new.html.erb within layouts/application (Duration: 53.2ms | Allocations: 992)
  Rendered layout layouts/application.html.erb (Duration: 110.7ms | Allocations: 2563)
Completed 200 OK in 128ms (Views: 127.9ms | Allocations: 3400)


Started GET "/cats/new" for ::1 at 2023-03-10 16:46:42 -0800
Processing by CatsController#new as */*
  Rendering layout layouts/application.html.erb
  Rendering cats/new.html.erb within layouts/application
  Rendered cats/new.html.erb within layouts/application (Duration: 7.0ms | Allocations: 265)
  Rendered layout layouts/application.html.erb (Duration: 76.0ms | Allocations: 1798)
Completed 200 OK in 100ms (Views: 99.5ms | Allocations: 2564)


Started GET "/cats/new" for ::1 at 2023-03-10 16:48:21 -0800
Processing by CatsController#new as */*
  Rendering layout layouts/application.html.erb
  Rendering cats/new.html.erb within layouts/application
  Rendered cats/new.html.erb within layouts/application (Duration: 3.8ms | Allocations: 265)
  Rendered layout layouts/application.html.erb (Duration: 61.9ms | Allocations: 1792)
Completed 200 OK in 85ms (Views: 84.9ms | Allocations: 2557)


Started GET "/cats/new" for ::1 at 2023-03-10 16:48:42 -0800
Processing by CatsController#new as */*
  Rendering layout layouts/application.html.erb
  Rendering cats/new.html.erb within layouts/application
  Rendered cats/new.html.erb within layouts/application (Duration: 5.8ms | Allocations: 265)
  Rendered layout layouts/application.html.erb (Duration: 77.4ms | Allocations: 1783)
Completed 200 OK in 99ms (Views: 98.3ms | Allocations: 2549)


Started GET "/cats/new" for ::1 at 2023-03-10 16:49:13 -0800
Processing by CatsController#new as */*
  Rendering layout layouts/application.html.erb
  Rendering cats/new.html.erb within layouts/application
  Rendered cats/new.html.erb within layouts/application (Duration: 6.3ms | Allocations: 266)
  Rendered layout layouts/application.html.erb (Duration: 75.8ms | Allocations: 1793)
Completed 200 OK in 97ms (Views: 96.4ms | Allocations: 2558)


Started GET "/cats/new" for ::1 at 2023-03-10 16:50:01 -0800
Processing by CatsController#new as */*
  Rendering layout layouts/application.html.erb
  Rendering cats/new.html.erb within layouts/application
  Rendered cats/new.html.erb within layouts/application (Duration: 6.0ms | Allocations: 273)
  Rendered layout layouts/application.html.erb (Duration: 66.6ms | Allocations: 1785)
Completed 200 OK in 84ms (Views: 84.2ms | Allocations: 2550)


Started GET "/cats/new" for ::1 at 2023-03-10 16:50:22 -0800
Processing by CatsController#new as */*
  Rendering layout layouts/application.html.erb
  Rendering cats/new.html.erb within layouts/application
  Rendered cats/new.html.erb within layouts/application (Duration: 6.0ms | Allocations: 273)
  Rendered layout layouts/application.html.erb (Duration: 78.3ms | Allocations: 1797)
Completed 200 OK in 100ms (Views: 99.4ms | Allocations: 2562)


Started GET "/cats/new" for ::1 at 2023-03-10 16:51:16 -0800
Processing by CatsController#new as */*
  Rendering layout layouts/application.html.erb
  Rendering cats/new.html.erb within layouts/application
  Rendered cats/new.html.erb within layouts/application (Duration: 8.3ms | Allocations: 278)
  Rendered layout layouts/application.html.erb (Duration: 71.0ms | Allocations: 1814)
Completed 200 OK in 90ms (Views: 89.6ms | Allocations: 2579)


